[LOG] System::create                           : Header version = 1.10.05. Current version = 1.10.05.
[LOG] SystemI::setOutputInternal               : Setting output to 'FMOD Core Audio Output'
[LOG] Manager::init                            : maxchannels = 1024 studioflags = 00000009 flags 00000000 extradriverdata 0x0.
[LOG] SystemI::init                            : Initialize version=11005 (94661), maxchannels=1024, flags=0x00030000
[LOG] OutputCoreAudio::enumerate               : Enumerating...
[LOG] OutputCoreAudio::enumerate               : Found output driver: "Built-in Output".
[LOG] OutputCoreAudio::enumerate               : Found output driver: "Avid Fast Track Duo".
[LOG] OutputCoreAudio::enumerate               : Done.
[LOG] OutputCoreAudio::init                    : Output running 2 channels at 48000Hz sample rate.
[LOG] OutputCoreAudio::init                    : Maximum hardware read size: 1024 samples, Software buffer size: 512 samples, Number of software buffers: 4.
[LOG] Thread::initThread                       : Init FMOD stream thread. Priority: 2, Stack Size: 65536, Semaphore: No, Sleep Time: 10, Looping: Yes.
[LOG] SystemI::DSPCodecPoolRegister            : register codec pool for pool type 5
[LOG] Thread::initThread                       : Init FMOD mixer thread. Priority: 3, Stack Size: 49152, Semaphore: Yes, Sleep Time: 0, Looping: Yes.
[LOG] AsyncManager::init                       : manager 0x159aec408 isAsync 1 updatePeriod 0.02
[LOG] Thread::initThread                       : Init FMOD Studio update thread. Priority: 0, Stack Size: 65536, Semaphore: No, Sleep Time: 1, Looping: No.
[LOG] AsyncManager::init                       : done
[LOG] PlaybackSystem::init                     : 
[LOG] Thread::initThread                       : Init FMOD Studio sample load thread. Priority: 0, Stack Size: 65536, Semaphore: No, Sleep Time: 1, Looping: No.
[LOG] PlaybackSystem::init                     : done
[LOG] LiveUpdate::init                         : 
[LOG] Thread::initThread                       : Init FMOD Studio bank load thread. Priority: 0, Stack Size: 65536, Semaphore: No, Sleep Time: 1, Looping: No.
[LOG] Manager::init                            : done.
[LOG] Profile::init                            : Profiler listening on port: 9264
[LOG] Manager::readBank                        : fileversion = 100, compatVersion = 99 (oldest = 44, newest = 100)
[LOG] Manager::readBank                        : fileversion = 100, compatVersion = 99 (oldest = 44, newest = 100)
[LOG] PlaybackSystem::acquireMasterBus         : Setting master channel group format to 3
[LOG] SystemI::createSoundInternal             : Create name='', mode=0x02000202
[LOG] Thread::initThread                       : Init FMOD profiler thread (recv). Priority: 0, Stack Size: 131072, Semaphore: No, Sleep Time: 0, Looping: No.
[LOG] SystemI::createSoundInternal             : exinfo->cbsize             = 232
[LOG] SystemI::createSoundInternal             : exinfo->length             = 1054848
[LOG] SystemI::createSoundInternal             : exinfo->fileoffset         = 24864
[LOG] SystemI::createSoundInternal             : exinfo->numsubsounds       = 1
[LOG] SystemI::createSoundInternal             : exinfo->inclusionlist      = 0x7000060277bc
[LOG] SystemI::createSoundInternal             : exinfo->inclusionlistnum   = 1
[LOG] SystemI::createSoundInternal             : exinfo->suggestedsoundtype = 5
[LOG] SystemI::createSoundInternal             : exinfo->useropen           = 0x146abf96f
[LOG] SystemI::createSoundInternal             : exinfo->userclose          = 0x146abfa2b
[LOG] SystemI::createSoundInternal             : exinfo->userread           = 0x146abfa5b
[LOG] SystemI::createSoundInternal             : exinfo->userseek           = 0x146abfaf8
[LOG] SystemI::createSoundInternal             : exinfo->fileuserdata       = 0x142faa7d8
[LOG] SystemI::createSoundInternal             : exinfo->initialseekpostype = 1
[LOG] Thread::initThread                       : Init FMOD profiler thread (send). Priority: 0, Stack Size: 131072, Semaphore: No, Sleep Time: 0, Looping: No.
[LOG] LiveUpdate::clientConnected              : client = 0x110d2e208
[LOG] LiveUpdate::readPacket                   : Accepting init message for client 0x110d2e208
[LOG] LiveUpdate::transitionToConnected        : 
[LOG] Manager::sendConnectTimeHash             : 
[LOG] LiveUpdate::sendBankHash                 : 
[LOG] LiveUpdate::sendBankHash                 : 
[LOG] LiveUpdate::sendBankHash                 : 
[LOG] LiveUpdate::acceptInitPacket             : Client 0x110d2e208 connected, entering connected state
[LOG] SystemI::DSPCodecPoolRegister            : register codec pool for pool type 5
[LOG] SystemI::createSoundInternal             : Sample 0/1: name='EggBoss_VO_02', format=2, channels=2, frequency=48000, lengthbytes=53472, lengthpcm=174163, pcmblocksize=0, loopstart=0, loopend=0, mode=0x00000000, channelmask=0x00000000, channelorder=0, peakvolume=0.999969.
[LOG] SystemI::createSoundInternal             : Create name='', mode=0x02000202
[LOG] SystemI::createSoundInternal             : exinfo->cbsize             = 232
[LOG] SystemI::createSoundInternal             : exinfo->length             = 1054848
[LOG] SystemI::createSoundInternal             : exinfo->fileoffset         = 24864
[LOG] SystemI::createSoundInternal             : exinfo->numsubsounds       = 1
[LOG] SystemI::createSoundInternal             : exinfo->inclusionlist      = 0x7000060277bc
[LOG] SystemI::createSoundInternal             : exinfo->inclusionlistnum   = 1
[LOG] SystemI::createSoundInternal             : exinfo->suggestedsoundtype = 5
[LOG] SystemI::createSoundInternal             : exinfo->useropen           = 0x146abf96f
[LOG] SystemI::createSoundInternal             : exinfo->userclose          = 0x146abfa2b
[LOG] SystemI::createSoundInternal             : exinfo->userread           = 0x146abfa5b
[LOG] SystemI::createSoundInternal             : exinfo->userseek           = 0x146abfaf8
[LOG] SystemI::createSoundInternal             : exinfo->fileuserdata       = 0x142faa7d8
[LOG] SystemI::createSoundInternal             : exinfo->initialseekpostype = 1
[LOG] SystemI::DSPCodecPoolRegister            : register codec pool for pool type 5
[LOG] SystemI::createSoundInternal             : Sample 0/1: name='PowerUpLoop', format=2, channels=2, frequency=48000, lengthbytes=26592, lengthpcm=237884, pcmblocksize=0, loopstart=0, loopend=0, mode=0x00000000, channelmask=0x00000000, channelorder=0, peakvolume=0.867462.
[LOG] SystemI::createSoundInternal             : Create name='', mode=0x02000202
[LOG] SystemI::createSoundInternal             : exinfo->cbsize             = 232
[LOG] SystemI::createSoundInternal             : exinfo->length             = 1054848
[LOG] SystemI::createSoundInternal             : exinfo->fileoffset         = 24864
[LOG] SystemI::createSoundInternal             : exinfo->numsubsounds       = 1
[LOG] SystemI::createSoundInternal             : exinfo->inclusionlist      = 0x7000060277bc
[LOG] SystemI::createSoundInternal             : exinfo->inclusionlistnum   = 1
[LOG] SystemI::createSoundInternal             : exinfo->suggestedsoundtype = 5
[LOG] SystemI::createSoundInternal             : exinfo->useropen           = 0x146abf96f
[LOG] SystemI::createSoundInternal             : exinfo->userclose          = 0x146abfa2b
[LOG] SystemI::createSoundInternal             : exinfo->userread           = 0x146abfa5b
[LOG] SystemI::createSoundInternal             : exinfo->userseek           = 0x146abfaf8
[LOG] SystemI::createSoundInternal             : exinfo->fileuserdata       = 0x142faa7d8
[LOG] SystemI::createSoundInternal             : exinfo->initialseekpostype = 1
[LOG] SystemI::DSPCodecPoolRegister            : register codec pool for pool type 5
[LOG] SystemI::createSoundInternal             : Sample 0/1: name='EggBoss_VO_05', format=2, channels=2, frequency=48000, lengthbytes=54496, lengthpcm=178341, pcmblocksize=0, loopstart=0, loopend=0, mode=0x00000000, channelmask=0x00000000, channelorder=0, peakvolume=0.999969.
[LOG] SystemI::createSoundInternal             : Create name='', mode=0x02000202
[LOG] SystemI::createSoundInternal             : exinfo->cbsize             = 232
[LOG] SystemI::createSoundInternal             : exinfo->length             = 1054848
[LOG] SystemI::createSoundInternal             : exinfo->fileoffset         = 24864
[LOG] SystemI::createSoundInternal             : exinfo->numsubsounds       = 1
[LOG] SystemI::createSoundInternal             : exinfo->inclusionlist      = 0x7000060277bc
[LOG] SystemI::createSoundInternal             : exinfo->inclusionlistnum   = 1
[LOG] SystemI::createSoundInternal             : exinfo->suggestedsoundtype = 5
[LOG] SystemI::createSoundInternal             : exinfo->useropen           = 0x146abf96f
[LOG] SystemI::createSoundInternal             : exinfo->userclose          = 0x146abfa2b
[LOG] SystemI::createSoundInternal             : exinfo->userread           = 0x146abfa5b
[LOG] SystemI::createSoundInternal             : exinfo->userseek           = 0x146abfaf8
[LOG] SystemI::createSoundInternal             : exinfo->fileuserdata       = 0x142faa7d8
[LOG] SystemI::createSoundInternal             : exinfo->initialseekpostype = 1
[LOG] SystemI::DSPCodecPoolRegister            : register codec pool for pool type 5
[LOG] SystemI::createSoundInternal             : Sample 0/1: name='EggBoss_VO_03', format=2, channels=2, frequency=48000, lengthbytes=56480, lengthpcm=184489, pcmblocksize=0, loopstart=0, loopend=0, mode=0x00000000, channelmask=0x00000000, channelorder=0, peakvolume=0.999969.
[LOG] SystemI::createSoundInternal             : Create name='', mode=0x02000202
[LOG] SystemI::createSoundInternal             : exinfo->cbsize             = 232
[LOG] SystemI::createSoundInternal             : exinfo->length             = 1054848
[LOG] SystemI::createSoundInternal             : exinfo->fileoffset         = 24864
[LOG] SystemI::createSoundInternal             : exinfo->numsubsounds       = 1
[LOG] SystemI::createSoundInternal             : exinfo->inclusionlist      = 0x7000060277bc
[LOG] SystemI::createSoundInternal             : exinfo->inclusionlistnum   = 1
[LOG] SystemI::createSoundInternal             : exinfo->suggestedsoundtype = 5
[LOG] SystemI::createSoundInternal             : exinfo->useropen           = 0x146abf96f
[LOG] SystemI::createSoundInternal             : exinfo->userclose          = 0x146abfa2b
[LOG] SystemI::createSoundInternal             : exinfo->userread           = 0x146abfa5b
[LOG] SystemI::createSoundInternal             : exinfo->userseek           = 0x146abfaf8
[LOG] SystemI::createSoundInternal             : exinfo->fileuserdata       = 0x142faa7d8
[LOG] SystemI::createSoundInternal             : exinfo->initialseekpostype = 1
[LOG] SystemI::DSPCodecPoolRegister            : register codec pool for pool type 5
[LOG] SystemI::createSoundInternal             : Sample 0/1: name='EggBoss_VO_04', format=2, channels=2, frequency=48000, lengthbytes=50176, lengthpcm=169996, pcmblocksize=0, loopstart=0, loopend=0, mode=0x00000000, channelmask=0x00000000, channelorder=0, peakvolume=0.999969.
[LOG] SystemI::createSoundInternal             : Create name='', mode=0x02000202
[LOG] SystemI::createSoundInternal             : exinfo->cbsize             = 232
[LOG] SystemI::createSoundInternal             : exinfo->length             = 1054848
[LOG] SystemI::createSoundInternal             : exinfo->fileoffset         = 24864
[LOG] SystemI::createSoundInternal             : exinfo->numsubsounds       = 1
[LOG] SystemI::createSoundInternal             : exinfo->inclusionlist      = 0x7000060277bc
[LOG] SystemI::createSoundInternal             : exinfo->inclusionlistnum   = 1
[LOG] SystemI::createSoundInternal             : exinfo->suggestedsoundtype = 5
[LOG] SystemI::createSoundInternal             : exinfo->useropen           = 0x146abf96f
[LOG] SystemI::createSoundInternal             : exinfo->userclose          = 0x146abfa2b
[LOG] SystemI::createSoundInternal             : exinfo->userread           = 0x146abfa5b
[LOG] SystemI::createSoundInternal             : exinfo->userseek           = 0x146abfaf8
[LOG] SystemI::createSoundInternal             : exinfo->fileuserdata       = 0x142faa7d8
[LOG] SystemI::createSoundInternal             : exinfo->initialseekpostype = 1
[LOG] SystemI::DSPCodecPoolRegister            : register codec pool for pool type 5
[LOG] SystemI::createSoundInternal             : Sample 0/1: name='EggBoss_VO_01', format=2, channels=2, frequency=48000, lengthbytes=66464, lengthpcm=202807, pcmblocksize=0, loopstart=0, loopend=0, mode=0x00000000, channelmask=0x00000000, channelorder=0, peakvolume=0.999969.
[LOG] Manager::receiveLiveUpdateBank           : Received live update bank path: fmod:///remote//Users/John/Library/Application Support/FMOD Studio/UnsavedProjects/Hotswap-U5kSJ8/hotswap_589.bank
[LOG] ProfileRemoteFile::fileOpen              : Attemping to open remote file '/Users/John/Library/Application Support/FMOD Studio/UnsavedProjects/Hotswap-U5kSJ8/hotswap_589.bank'
[LOG] Manager::readBank                        : fileversion = 100, compatVersion = 99 (oldest = 44, newest = 100)
[LOG] Manager::receiveLiveUpdateBank           : Received live update bank path: fmod:///remote//Users/John/Library/Application Support/FMOD Studio/UnsavedProjects/Hotswap-U5kSJ8/hotswap_590.bank
[LOG] ProfileRemoteFile::fileOpen              : Attemping to open remote file '/Users/John/Library/Application Support/FMOD Studio/UnsavedProjects/Hotswap-U5kSJ8/hotswap_590.bank'
[LOG] Manager::readBank                        : fileversion = 100, compatVersion = 99 (oldest = 44, newest = 100)
[LOG] SystemI::createSoundInternal             : Create name='', mode=0x02000202
[LOG] SystemI::createSoundInternal             : exinfo->cbsize             = 232
[LOG] SystemI::createSoundInternal             : exinfo->length             = 1054848
[LOG] SystemI::createSoundInternal             : exinfo->fileoffset         = 24864
[LOG] SystemI::createSoundInternal             : exinfo->numsubsounds       = 1
[LOG] SystemI::createSoundInternal             : exinfo->inclusionlist      = 0x7000060277bc
[LOG] SystemI::createSoundInternal             : exinfo->inclusionlistnum   = 1
[LOG] SystemI::createSoundInternal             : exinfo->suggestedsoundtype = 5
[LOG] SystemI::createSoundInternal             : exinfo->useropen           = 0x146abf96f
[LOG] SystemI::createSoundInternal             : exinfo->userclose          = 0x146abfa2b
[LOG] SystemI::createSoundInternal             : exinfo->userread           = 0x146abfa5b
[LOG] SystemI::createSoundInternal             : exinfo->userseek           = 0x146abfaf8
[LOG] SystemI::createSoundInternal             : exinfo->fileuserdata       = 0x146fecf88
[LOG] SystemI::createSoundInternal             : exinfo->initialseekpostype = 1
[LOG] SystemI::DSPCodecPoolRegister            : register codec pool for pool type 5
[LOG] SystemI::createSoundInternal             : Sample 0/1: name='Player_Laser_2', format=2, channels=1, frequency=48000, lengthbytes=2848, lengthpcm=18120, pcmblocksize=0, loopstart=0, loopend=0, mode=0x00000000, channelmask=0x00000000, channelorder=0, peakvolume=0.794250.
[LOG] SoundI::release                          :  (0x146fb9018)
[LOG] SoundI::release                          :     Player_Laser_2 (0x146fee798)
[LOG] SoundI::release                          :  (0x142ff8208)
[LOG] SoundI::release                          :     EggBoss_VO_01 (0x142fd7f18)
[LOG] SystemI::createSoundInternal             : Create name='', mode=0x02000202
[LOG] SystemI::createSoundInternal             : exinfo->cbsize             = 232
[LOG] SystemI::createSoundInternal             : exinfo->length             = 1054848
[LOG] SystemI::createSoundInternal             : exinfo->fileoffset         = 24864
[LOG] SystemI::createSoundInternal             : exinfo->numsubsounds       = 1
[LOG] SystemI::createSoundInternal             : exinfo->inclusionlist      = 0x7000060277bc
[LOG] SystemI::createSoundInternal             : exinfo->inclusionlistnum   = 1
[LOG] SystemI::createSoundInternal             : exinfo->suggestedsoundtype = 5
[LOG] SystemI::createSoundInternal             : exinfo->useropen           = 0x146abf96f
[LOG] SystemI::createSoundInternal             : exinfo->userclose          = 0x146abfa2b
[LOG] SystemI::createSoundInternal             : exinfo->userread           = 0x146abfa5b
[LOG] SystemI::createSoundInternal             : exinfo->userseek           = 0x146abfaf8
[LOG] SystemI::createSoundInternal             : exinfo->fileuserdata       = 0x13ce80c08
[LOG] SystemI::createSoundInternal             : exinfo->initialseekpostype = 1
[LOG] SystemI::DSPCodecPoolRegister            : register codec pool for pool type 5
[LOG] SystemI::createSoundInternal             : Sample 0/1: name='Player_Laser_2', format=2, channels=1, frequency=48000, lengthbytes=2848, lengthpcm=18120, pcmblocksize=0, loopstart=0, loopend=0, mode=0x00000000, channelmask=0x00000000, channelorder=0, peakvolume=0.794250.
[LOG] SystemI::createSoundInternal             : Create name='fmod:///remote//Users/John/Documents/GitHub/GameJam_HatchAnEgg/GameJam Week 45 - Hatch an Egg FMOD/Assets/VOs/EggBoss_VO_06.ogg', mode=0x0200C202
[LOG] SystemI::createSoundInternal             : exinfo->cbsize             = 232
[LOG] SystemI::createSoundInternal             : exinfo->initialseekpostype = 1
[LOG] ProfileRemoteFile::fileOpen              : Attemping to open remote file '/Users/John/Documents/GitHub/GameJam_HatchAnEgg/GameJam Week 45 - Hatch an Egg FMOD/Assets/VOs/EggBoss_VO_06.ogg'
[LOG] SystemI::createSoundInternal             : Sample 0/0: name='(null)', format=2, channels=2, frequency=44100, lengthbytes=73617, lengthpcm=148355, pcmblocksize=0, loopstart=0, loopend=0, mode=0x00000000, channelmask=0x00000000, channelorder=0, peakvolume=0.000000.
[LOG] SystemI::createSoundInternal             : Create name='fmod:///remote//Users/John/Documents/GitHub/GameJam_HatchAnEgg/GameJam Week 45 - Hatch an Egg FMOD/Assets/VOs/EggBoss_VO_07.ogg', mode=0x0200C202
[LOG] SystemI::createSoundInternal             : exinfo->cbsize             = 232
[LOG] SystemI::createSoundInternal             : exinfo->initialseekpostype = 1
[LOG] ProfileRemoteFile::fileOpen              : Attemping to open remote file '/Users/John/Documents/GitHub/GameJam_HatchAnEgg/GameJam Week 45 - Hatch an Egg FMOD/Assets/VOs/EggBoss_VO_07.ogg'
[LOG] SystemI::createSoundInternal             : Sample 0/0: name='(null)', format=2, channels=2, frequency=44100, lengthbytes=67175, lengthpcm=133125, pcmblocksize=0, loopstart=0, loopend=0, mode=0x00000000, channelmask=0x00000000, channelorder=0, peakvolume=0.000000.
[LOG] SystemI::createSoundInternal             : Create name='fmod:///remote//Users/John/Documents/GitHub/GameJam_HatchAnEgg/GameJam Week 45 - Hatch an Egg FMOD/Assets/Enemy_Laser_Fire_1.ogg', mode=0x0200C202
[LOG] SystemI::createSoundInternal             : exinfo->cbsize             = 232
[LOG] SystemI::createSoundInternal             : exinfo->initialseekpostype = 1
[LOG] ProfileRemoteFile::fileOpen              : Attemping to open remote file '/Users/John/Documents/GitHub/GameJam_HatchAnEgg/GameJam Week 45 - Hatch an Egg FMOD/Assets/Enemy_Laser_Fire_1.ogg'
[LOG] SystemI::createSoundInternal             : Sample 0/0: name='(null)', format=2, channels=1, frequency=44100, lengthbytes=11682, lengthpcm=34972, pcmblocksize=0, loopstart=0, loopend=0, mode=0x00000000, channelmask=0x00000000, channelorder=0, peakvolume=0.000000.
[LOG] SoundI::release                          :  (0x142fdca78)
[LOG] SoundI::release                          :     EggBoss_VO_02 (0x142f98e98)
[LOG] SoundI::release                          :  (0x142f863e8)
[LOG] SoundI::release                          :     EggBoss_VO_03 (0x142fbdc98)
[LOG] SystemI::createSoundInternal             : Create name='fmod:///remote//Users/John/Documents/GitHub/GameJam_HatchAnEgg/GameJam Week 45 - Hatch an Egg FMOD/Assets/Enemy_Explode_3.ogg', mode=0x0200C202
[LOG] SystemI::createSoundInternal             : exinfo->cbsize             = 232
[LOG] SystemI::createSoundInternal             : exinfo->initialseekpostype = 1
[LOG] ProfileRemoteFile::fileOpen              : Attemping to open remote file '/Users/John/Documents/GitHub/GameJam_HatchAnEgg/GameJam Week 45 - Hatch an Egg FMOD/Assets/Enemy_Explode_3.ogg'
[LOG] SystemI::createSoundInternal             : Sample 0/0: name='(null)', format=2, channels=2, frequency=48000, lengthbytes=54771, lengthpcm=155040, pcmblocksize=0, loopstart=0, loopend=0, mode=0x00000000, channelmask=0x00000000, channelorder=0, peakvolume=0.000000.
[LOG] SystemI::createSoundInternal             : Create name='fmod:///remote//Users/John/Documents/GitHub/GameJam_HatchAnEgg/GameJam Week 45 - Hatch an Egg FMOD/Assets/Enemy_Explode_1.ogg', mode=0x0200C202
[LOG] SystemI::createSoundInternal             : exinfo->cbsize             = 232
[LOG] SystemI::createSoundInternal             : exinfo->initialseekpostype = 1
[LOG] ProfileRemoteFile::fileOpen              : Attemping to open remote file '/Users/John/Documents/GitHub/GameJam_HatchAnEgg/GameJam Week 45 - Hatch an Egg FMOD/Assets/Enemy_Explode_1.ogg'
[LOG] SystemI::createSoundInternal             : Sample 0/0: name='(null)', format=2, channels=1, frequency=44100, lengthbytes=11981, lengthpcm=36728, pcmblocksize=0, loopstart=0, loopend=0, mode=0x00000000, channelmask=0x00000000, channelorder=0, peakvolume=0.000000.
[LOG] SoundI::release                          :  (0x142ff6be8)
[LOG] SoundI::release                          :     EggBoss_VO_04 (0x142fc65c8)
[LOG] SoundI::release                          :  (0x142f99be8)
[LOG] SoundI::release                          :     EggBoss_VO_05 (0x142fbb408)
[LOG] SystemI::createSoundInternal             : Create name='', mode=0x02000202
[LOG] SystemI::createSoundInternal             : exinfo->cbsize             = 232
[LOG] SystemI::createSoundInternal             : exinfo->length             = 1054848
[LOG] SystemI::createSoundInternal             : exinfo->fileoffset         = 24864
[LOG] SystemI::createSoundInternal             : exinfo->numsubsounds       = 1
[LOG] SystemI::createSoundInternal             : exinfo->inclusionlist      = 0x7000060277bc
[LOG] SystemI::createSoundInternal             : exinfo->inclusionlistnum   = 1
[LOG] SystemI::createSoundInternal             : exinfo->suggestedsoundtype = 5
[LOG] SystemI::createSoundInternal             : exinfo->useropen           = 0x146abf96f
[LOG] SystemI::createSoundInternal             : exinfo->userclose          = 0x146abfa2b
[LOG] SystemI::createSoundInternal             : exinfo->userread           = 0x146abfa5b
[LOG] SystemI::createSoundInternal             : exinfo->userseek           = 0x146abfaf8
[LOG] SystemI::createSoundInternal             : exinfo->fileuserdata       = 0x13adb2cb8
[LOG] SystemI::createSoundInternal             : exinfo->initialseekpostype = 1
[LOG] SystemI::DSPCodecPoolRegister            : register codec pool for pool type 5
[LOG] SystemI::createSoundInternal             : Sample 0/1: name='EggBoss_VO_02', format=2, channels=2, frequency=48000, lengthbytes=53472, lengthpcm=174163, pcmblocksize=0, loopstart=0, loopend=0, mode=0x00000000, channelmask=0x00000000, channelorder=0, peakvolume=0.999969.
[LOG] SystemI::createSoundInternal             : Create name='', mode=0x02000202
[LOG] SystemI::createSoundInternal             : exinfo->cbsize             = 232
[LOG] SystemI::createSoundInternal             : exinfo->length             = 1054848
[LOG] SystemI::createSoundInternal             : exinfo->fileoffset         = 24864
[LOG] SystemI::createSoundInternal             : exinfo->numsubsounds       = 1
[LOG] SystemI::createSoundInternal             : exinfo->inclusionlist      = 0x7000060277bc
[LOG] SystemI::createSoundInternal             : exinfo->inclusionlistnum   = 1
[LOG] SystemI::createSoundInternal             : exinfo->suggestedsoundtype = 5
[LOG] SystemI::createSoundInternal             : exinfo->useropen           = 0x146abf96f
[LOG] SystemI::createSoundInternal             : exinfo->userclose          = 0x146abfa2b
[LOG] SystemI::createSoundInternal             : exinfo->userread           = 0x146abfa5b
[LOG] SystemI::createSoundInternal             : exinfo->userseek           = 0x146abfaf8
[LOG] SystemI::createSoundInternal             : exinfo->fileuserdata       = 0x13adb2cb8
[LOG] SystemI::createSoundInternal             : exinfo->initialseekpostype = 1
[LOG] SystemI::DSPCodecPoolRegister            : register codec pool for pool type 5
[LOG] SystemI::createSoundInternal             : Sample 0/1: name='EggBoss_VO_05', format=2, channels=2, frequency=48000, lengthbytes=54496, lengthpcm=178341, pcmblocksize=0, loopstart=0, loopend=0, mode=0x00000000, channelmask=0x00000000, channelorder=0, peakvolume=0.999969.
[LOG] SystemI::createSoundInternal             : Create name='', mode=0x02000202
[LOG] SystemI::createSoundInternal             : exinfo->cbsize             = 232
[LOG] SystemI::createSoundInternal             : exinfo->length             = 1054848
[LOG] SystemI::createSoundInternal             : exinfo->fileoffset         = 24864
[LOG] SystemI::createSoundInternal             : exinfo->numsubsounds       = 1
[LOG] SystemI::createSoundInternal             : exinfo->inclusionlist      = 0x7000060277bc
[LOG] SystemI::createSoundInternal             : exinfo->inclusionlistnum   = 1
[LOG] SystemI::createSoundInternal             : exinfo->suggestedsoundtype = 5
[LOG] SystemI::createSoundInternal             : exinfo->useropen           = 0x146abf96f
[LOG] SystemI::createSoundInternal             : exinfo->userclose          = 0x146abfa2b
[LOG] SystemI::createSoundInternal             : exinfo->userread           = 0x146abfa5b
[LOG] SystemI::createSoundInternal             : exinfo->userseek           = 0x146abfaf8
[LOG] SystemI::createSoundInternal             : exinfo->fileuserdata       = 0x13adb2cb8
[LOG] SystemI::createSoundInternal             : exinfo->initialseekpostype = 1
[LOG] SystemI::DSPCodecPoolRegister            : register codec pool for pool type 5
[LOG] SystemI::createSoundInternal             : Sample 0/1: name='EggBoss_VO_03', format=2, channels=2, frequency=48000, lengthbytes=56480, lengthpcm=184489, pcmblocksize=0, loopstart=0, loopend=0, mode=0x00000000, channelmask=0x00000000, channelorder=0, peakvolume=0.999969.
[LOG] SystemI::createSoundInternal             : Create name='', mode=0x02000202
[LOG] SystemI::createSoundInternal             : exinfo->cbsize             = 232
[LOG] SystemI::createSoundInternal             : exinfo->length             = 1054848
[LOG] SystemI::createSoundInternal             : exinfo->fileoffset         = 24864
[LOG] SystemI::createSoundInternal             : exinfo->numsubsounds       = 1
[LOG] SystemI::createSoundInternal             : exinfo->inclusionlist      = 0x7000060277bc
[LOG] SystemI::createSoundInternal             : exinfo->inclusionlistnum   = 1
[LOG] SystemI::createSoundInternal             : exinfo->suggestedsoundtype = 5
[LOG] SystemI::createSoundInternal             : exinfo->useropen           = 0x146abf96f
[LOG] SystemI::createSoundInternal             : exinfo->userclose          = 0x146abfa2b
[LOG] SystemI::createSoundInternal             : exinfo->userread           = 0x146abfa5b
[LOG] SystemI::createSoundInternal             : exinfo->userseek           = 0x146abfaf8
[LOG] SystemI::createSoundInternal             : exinfo->fileuserdata       = 0x13adb2cb8
[LOG] SystemI::createSoundInternal             : exinfo->initialseekpostype = 1
[LOG] SystemI::DSPCodecPoolRegister            : register codec pool for pool type 5
[LOG] SystemI::createSoundInternal             : Sample 0/1: name='EggBoss_VO_04', format=2, channels=2, frequency=48000, lengthbytes=50176, lengthpcm=169996, pcmblocksize=0, loopstart=0, loopend=0, mode=0x00000000, channelmask=0x00000000, channelorder=0, peakvolume=0.999969.
[LOG] SystemI::createSoundInternal             : Create name='', mode=0x02000202
[LOG] SystemI::createSoundInternal             : exinfo->cbsize             = 232
[LOG] SystemI::createSoundInternal             : exinfo->length             = 1054848
[LOG] SystemI::createSoundInternal             : exinfo->fileoffset         = 24864
[LOG] SystemI::createSoundInternal             : exinfo->numsubsounds       = 1
[LOG] SystemI::createSoundInternal             : exinfo->inclusionlist      = 0x7000060277bc
[LOG] SystemI::createSoundInternal             : exinfo->inclusionlistnum   = 1
[LOG] SystemI::createSoundInternal             : exinfo->suggestedsoundtype = 5
[LOG] SystemI::createSoundInternal             : exinfo->useropen           = 0x146abf96f
[LOG] SystemI::createSoundInternal             : exinfo->userclose          = 0x146abfa2b
[LOG] SystemI::createSoundInternal             : exinfo->userread           = 0x146abfa5b
[LOG] SystemI::createSoundInternal             : exinfo->userseek           = 0x146abfaf8
[LOG] SystemI::createSoundInternal             : exinfo->fileuserdata       = 0x13adb2cb8
[LOG] SystemI::createSoundInternal             : exinfo->initialseekpostype = 1
[LOG] SystemI::DSPCodecPoolRegister            : register codec pool for pool type 5
[LOG] SystemI::createSoundInternal             : Sample 0/1: name='EggBoss_VO_01', format=2, channels=2, frequency=48000, lengthbytes=66464, lengthpcm=202807, pcmblocksize=0, loopstart=0, loopend=0, mode=0x00000000, channelmask=0x00000000, channelorder=0, peakvolume=0.999969.
[LOG] SoundI::release                          : EggBoss_VO_06.ogg (0x142f662c8)
[LOG] SoundI::release                          : EggBoss_VO_07.ogg (0x146fb6ed8)
[LOG] SoundI::release                          : Enemy_Laser_Fire_1.ogg (0x1452d4d78)
[LOG] SoundI::release                          : Enemy_Explode_3.ogg (0x142f98e98)
[LOG] SoundI::release                          : Enemy_Explode_1.ogg (0x1452be298)
[LOG] SoundI::release                          :  (0x13ce0aa28)
[LOG] SoundI::release                          :     EggBoss_VO_01 (0x13ce14728)
[LOG] SystemI::createSoundInternal             : Create name='fmod:///remote//Users/John/Documents/GitHub/GameJam_HatchAnEgg/GameJam Week 45 - Hatch an Egg FMOD/Assets/VOs/EggBoss_VO_06.ogg', mode=0x0200C202
[LOG] SystemI::createSoundInternal             : exinfo->cbsize             = 232
[LOG] SystemI::createSoundInternal             : exinfo->initialseekpostype = 1
[LOG] ProfileRemoteFile::fileOpen              : Attemping to open remote file '/Users/John/Documents/GitHub/GameJam_HatchAnEgg/GameJam Week 45 - Hatch an Egg FMOD/Assets/VOs/EggBoss_VO_06.ogg'
[LOG] SystemI::createSoundInternal             : Sample 0/0: name='(null)', format=2, channels=2, frequency=44100, lengthbytes=73617, lengthpcm=148355, pcmblocksize=0, loopstart=0, loopend=0, mode=0x00000000, channelmask=0x00000000, channelorder=0, peakvolume=0.000000.
[LOG] SystemI::createSoundInternal             : Create name='fmod:///remote//Users/John/Documents/GitHub/GameJam_HatchAnEgg/GameJam Week 45 - Hatch an Egg FMOD/Assets/VOs/EggBoss_VO_07.ogg', mode=0x0200C202
[LOG] SystemI::createSoundInternal             : exinfo->cbsize             = 232
[LOG] SystemI::createSoundInternal             : exinfo->initialseekpostype = 1
[LOG] ProfileRemoteFile::fileOpen              : Attemping to open remote file '/Users/John/Documents/GitHub/GameJam_HatchAnEgg/GameJam Week 45 - Hatch an Egg FMOD/Assets/VOs/EggBoss_VO_07.ogg'
[LOG] SystemI::createSoundInternal             : Sample 0/0: name='(null)', format=2, channels=2, frequency=44100, lengthbytes=67175, lengthpcm=133125, pcmblocksize=0, loopstart=0, loopend=0, mode=0x00000000, channelmask=0x00000000, channelorder=0, peakvolume=0.000000.
[LOG] SystemI::createSoundInternal             : Create name='fmod:///remote//Users/John/Documents/GitHub/GameJam_HatchAnEgg/GameJam Week 45 - Hatch an Egg FMOD/Assets/Enemy_Laser_Fire_1.ogg', mode=0x0200C202
[LOG] SystemI::createSoundInternal             : exinfo->cbsize             = 232
[LOG] SystemI::createSoundInternal             : exinfo->initialseekpostype = 1
[LOG] ProfileRemoteFile::fileOpen              : Attemping to open remote file '/Users/John/Documents/GitHub/GameJam_HatchAnEgg/GameJam Week 45 - Hatch an Egg FMOD/Assets/Enemy_Laser_Fire_1.ogg'
[LOG] SystemI::createSoundInternal             : Sample 0/0: name='(null)', format=2, channels=1, frequency=44100, lengthbytes=11682, lengthpcm=34972, pcmblocksize=0, loopstart=0, loopend=0, mode=0x00000000, channelmask=0x00000000, channelorder=0, peakvolume=0.000000.
[LOG] SoundI::release                          :  (0x13ce0c1a8)
[LOG] SoundI::release                          :     EggBoss_VO_02 (0x13ce30f38)
[LOG] SoundI::release                          :  (0x13ce62c68)
[LOG] SoundI::release                          :     EggBoss_VO_03 (0x13ce20d18)
[LOG] SystemI::createSoundInternal             : Create name='fmod:///remote//Users/John/Documents/GitHub/GameJam_HatchAnEgg/GameJam Week 45 - Hatch an Egg FMOD/Assets/Enemy_Explode_3.ogg', mode=0x0200C202
[LOG] SystemI::createSoundInternal             : exinfo->cbsize             = 232
[LOG] SystemI::createSoundInternal             : exinfo->initialseekpostype = 1
[LOG] ProfileRemoteFile::fileOpen              : Attemping to open remote file '/Users/John/Documents/GitHub/GameJam_HatchAnEgg/GameJam Week 45 - Hatch an Egg FMOD/Assets/Enemy_Explode_3.ogg'
[LOG] SystemI::createSoundInternal             : Sample 0/0: name='(null)', format=2, channels=2, frequency=48000, lengthbytes=54771, lengthpcm=155040, pcmblocksize=0, loopstart=0, loopend=0, mode=0x00000000, channelmask=0x00000000, channelorder=0, peakvolume=0.000000.
[LOG] SystemI::createSoundInternal             : Create name='fmod:///remote//Users/John/Documents/GitHub/GameJam_HatchAnEgg/GameJam Week 45 - Hatch an Egg FMOD/Assets/Enemy_Explode_1.ogg', mode=0x0200C202
[LOG] SystemI::createSoundInternal             : exinfo->cbsize             = 232
[LOG] SystemI::createSoundInternal             : exinfo->initialseekpostype = 1
[LOG] ProfileRemoteFile::fileOpen              : Attemping to open remote file '/Users/John/Documents/GitHub/GameJam_HatchAnEgg/GameJam Week 45 - Hatch an Egg FMOD/Assets/Enemy_Explode_1.ogg'
[LOG] SystemI::createSoundInternal             : Sample 0/0: name='(null)', format=2, channels=1, frequency=44100, lengthbytes=11981, lengthpcm=36728, pcmblocksize=0, loopstart=0, loopend=0, mode=0x00000000, channelmask=0x00000000, channelorder=0, peakvolume=0.000000.
[LOG] SystemI::createSoundInternal             : Create name='', mode=0x02000202
[LOG] SystemI::createSoundInternal             : exinfo->cbsize             = 232
[LOG] SystemI::createSoundInternal             : exinfo->length             = 1054848
[LOG] SystemI::createSoundInternal             : exinfo->fileoffset         = 24864
[LOG] SystemI::createSoundInternal             : exinfo->numsubsounds       = 1
[LOG] SystemI::createSoundInternal             : exinfo->inclusionlist      = 0x7000060277bc
[LOG] SystemI::createSoundInternal             : exinfo->inclusionlistnum   = 1
[LOG] SystemI::createSoundInternal             : exinfo->suggestedsoundtype = 5
[LOG] SystemI::createSoundInternal             : exinfo->useropen           = 0x146abf96f
[LOG] SystemI::createSoundInternal             : exinfo->userclose          = 0x146abfa2b
[LOG] SystemI::createSoundInternal             : exinfo->userread           = 0x146abfa5b
[LOG] SystemI::createSoundInternal             : exinfo->userseek           = 0x146abfaf8
[LOG] SystemI::createSoundInternal             : exinfo->fileuserdata       = 0x13ceaab68
[LOG] SystemI::createSoundInternal             : exinfo->initialseekpostype = 1
[LOG] SystemI::DSPCodecPoolRegister            : register codec pool for pool type 5
[LOG] SystemI::createSoundInternal             : Sample 0/1: name='EggBoss_VO_02', format=2, channels=2, frequency=48000, lengthbytes=53472, lengthpcm=174163, pcmblocksize=0, loopstart=0, loopend=0, mode=0x00000000, channelmask=0x00000000, channelorder=0, peakvolume=0.999969.
[LOG] SystemI::createSoundInternal             : Create name='', mode=0x02000202
[LOG] SystemI::createSoundInternal             : exinfo->cbsize             = 232
[LOG] SystemI::createSoundInternal             : exinfo->length             = 1054848
[LOG] SystemI::createSoundInternal             : exinfo->fileoffset         = 24864
[LOG] SystemI::createSoundInternal             : exinfo->numsubsounds       = 1
[LOG] SystemI::createSoundInternal             : exinfo->inclusionlist      = 0x7000060277bc
[LOG] SystemI::createSoundInternal             : exinfo->inclusionlistnum   = 1
[LOG] SystemI::createSoundInternal             : exinfo->suggestedsoundtype = 5
[LOG] SystemI::createSoundInternal             : exinfo->useropen           = 0x146abf96f
[LOG] SystemI::createSoundInternal             : exinfo->userclose          = 0x146abfa2b
[LOG] SystemI::createSoundInternal             : exinfo->userread           = 0x146abfa5b
[LOG] SystemI::createSoundInternal             : exinfo->userseek           = 0x146abfaf8
[LOG] SystemI::createSoundInternal             : exinfo->fileuserdata       = 0x13ceaab68
[LOG] SystemI::createSoundInternal             : exinfo->initialseekpostype = 1
[LOG] SystemI::DSPCodecPoolRegister            : register codec pool for pool type 5
[LOG] SystemI::createSoundInternal             : Sample 0/1: name='EggBoss_VO_03', format=2, channels=2, frequency=48000, lengthbytes=56480, lengthpcm=184489, pcmblocksize=0, loopstart=0, loopend=0, mode=0x00000000, channelmask=0x00000000, channelorder=0, peakvolume=0.999969.
[LOG] SystemI::createSoundInternal             : Create name='', mode=0x02000202
[LOG] SystemI::createSoundInternal             : exinfo->cbsize             = 232
[LOG] SystemI::createSoundInternal             : exinfo->length             = 1054848
[LOG] SystemI::createSoundInternal             : exinfo->fileoffset         = 24864
[LOG] SystemI::createSoundInternal             : exinfo->numsubsounds       = 1
[LOG] SystemI::createSoundInternal             : exinfo->inclusionlist      = 0x7000060277bc
[LOG] SystemI::createSoundInternal             : exinfo->inclusionlistnum   = 1
[LOG] SystemI::createSoundInternal             : exinfo->suggestedsoundtype = 5
[LOG] SystemI::createSoundInternal             : exinfo->useropen           = 0x146abf96f
[LOG] SystemI::createSoundInternal             : exinfo->userclose          = 0x146abfa2b
[LOG] SystemI::createSoundInternal             : exinfo->userread           = 0x146abfa5b
[LOG] SystemI::createSoundInternal             : exinfo->userseek           = 0x146abfaf8
[LOG] SystemI::createSoundInternal             : exinfo->fileuserdata       = 0x13ceaab68
[LOG] SystemI::createSoundInternal             : exinfo->initialseekpostype = 1
[LOG] SystemI::DSPCodecPoolRegister            : register codec pool for pool type 5
[LOG] SystemI::createSoundInternal             : Sample 0/1: name='EggBoss_VO_01', format=2, channels=2, frequency=48000, lengthbytes=66464, lengthpcm=202807, pcmblocksize=0, loopstart=0, loopend=0, mode=0x00000000, channelmask=0x00000000, channelorder=0, peakvolume=0.999969.
[LOG] SoundI::release                          : EggBoss_VO_06.ogg (0x142f98e98)
[LOG] SoundI::release                          : EggBoss_VO_07.ogg (0x142fbdc98)
[LOG] SoundI::release                          : Enemy_Laser_Fire_1.ogg (0x142f0ad78)
[LOG] SoundI::release                          : Enemy_Explode_3.ogg (0x1452dd6d8)
[LOG] SoundI::release                          : Enemy_Explode_1.ogg (0x145281458)
[LOG] SoundI::release                          :  (0x13ce0c1a8)
[LOG] SoundI::release                          :     EggBoss_VO_01 (0x13ce30f38)
[LOG] SoundI::release                          :  (0x13ce62c68)
[LOG] SoundI::release                          :     EggBoss_VO_02 (0x13ce20d18)
[LOG] SoundI::release                          :  (0x14528fd78)
[LOG] SoundI::release                          :     EggBoss_VO_03 (0x145277e68)
[LOG] SoundI::release                          :  (0x13ceb9808)
[LOG] SoundI::release                          :     EggBoss_VO_04 (0x13ce1f208)
[LOG] SoundI::release                          :  (0x13ce13eb8)
[LOG] SoundI::release                          :     EggBoss_VO_05 (0x13ce2f448)
[LOG] SoundI::release                          :  (0x1452a1fa8)
[LOG] SoundI::release                          :     Player_Laser_2 (0x1452e7588)
[LOG] SoundI::release                          :  (0x142fd17a8)
[LOG] SoundI::release                          :     PowerUpLoop (0x142fb15b8)
[LOG] Thread::callback                         : FMOD Studio update thread finished.
[LOG] Thread::callback                         : FMOD Studio bank load thread finished.
[LOG] ProfileClient::markForDead               : Closing client connection
[ERR] ProfileClient::recvThreadLoopFunction    : Recv thread loop returned 16
[LOG] Thread::callback                         : FMOD profiler thread (recv) finished.
[LOG] Thread::callback                         : FMOD profiler thread (send) finished.
[LOG] Profile::disconnectAll                   : Profiler disconnecting all clients
[LOG] Thread::callback                         : FMOD Studio sample load thread finished.
[LOG] LiveUpdate::release                      : 
[LOG] LiveUpdate::reset                        : Reset connection (reason Disconnected)
[LOG] Thread::callback                         : FMOD stream thread finished.
[LOG] Thread::callback                         : FMOD mixer thread finished.
[LOG] Profile::disconnectAll                   : Profiler disconnecting all clients
[LOG] SystemI::close                           : Closed.
